---------------------------------------------------------------
[ 2020-07-10T09:04:00+08:00 ] 127.0.0.1 GET xnb.com/index.php/admin/index/index.html
[运行时间：0.243203s] [吞吐率：4.11req/s] [内存消耗：1,520.56kb] [文件加载：99]
[ info ] [ LANG ] D:\phpStudy\PHPTutorial\WWW\xnb\thinkphp\lang\zh-cn.php
[ info ] [ ROUTE ] array (
  'type' => 'module',
  'module' => 
  array (
    0 => 'admin',
    1 => 'index',
    2 => 'index',
  ),
)
[ info ] [ HEADER ] array (
  'cookie' => 'pgv_pvi=9998901248',
  'accept-language' => 'zh-CN,zh;q=0.9',
  'accept-encoding' => 'gzip, deflate',
  'referer' => 'http://xnb.com/index.php/admin/login/index.html',
  'accept' => 'text/html,application/xhtml+xml,application/xml;q=0.9,image/webp,image/apng,*/*;q=0.8,application/signed-exchange;v=b3;q=0.9',
  'user-agent' => 'Mozilla/5.0 (Windows NT 10.0; Win64; x64) AppleWebKit/537.36 (KHTML, like Gecko) Chrome/83.0.4103.116 Safari/537.36',
  'upgrade-insecure-requests' => '1',
  'cache-control' => 'max-age=0',
  'connection' => 'close',
  'host' => 'xnb.com',
)
[ info ] [ PARAM ] array (
)
[ info ] [ LANG ] D:\phpStudy\PHPTutorial\WWW\xnb/application/admin\lang\zh-cn.php
[ info ] [ SESSION ] INIT array (
  'id' => '',
  'var_session_id' => '',
  'prefix' => 'think',
  'type' => '',
  'auto_start' => true,
)
[ info ] [ LOG ] INIT File
---------------------------------------------------------------
[ 2020-07-10T09:04:01+08:00 ] 127.0.0.1 GET xnb.com/index.php/admin/login/index.html
[运行时间：0.216457s] [吞吐率：4.62req/s] [内存消耗：2,344.51kb] [文件加载：107]
[ info ] [ LANG ] D:\phpStudy\PHPTutorial\WWW\xnb\thinkphp\lang\zh-cn.php
[ info ] [ ROUTE ] array (
  'type' => 'module',
  'module' => 
  array (
    0 => 'admin',
    1 => 'login',
    2 => 'index',
  ),
)
[ info ] [ HEADER ] array (
  'cookie' => 'pgv_pvi=9998901248; PHPSESSID=0fvq1gliifo859uhm19bieqs5c',
  'accept-language' => 'zh-CN,zh;q=0.9',
  'accept-encoding' => 'gzip, deflate',
  'referer' => 'http://xnb.com/index.php/admin/login/index.html',
  'accept' => 'text/html,application/xhtml+xml,application/xml;q=0.9,image/webp,image/apng,*/*;q=0.8,application/signed-exchange;v=b3;q=0.9',
  'user-agent' => 'Mozilla/5.0 (Windows NT 10.0; Win64; x64) AppleWebKit/537.36 (KHTML, like Gecko) Chrome/83.0.4103.116 Safari/537.36',
  'upgrade-insecure-requests' => '1',
  'cache-control' => 'max-age=0',
  'connection' => 'close',
  'host' => 'xnb.com',
)
[ info ] [ PARAM ] array (
)
[ info ] [ LANG ] D:\phpStudy\PHPTutorial\WWW\xnb/application/admin\lang\zh-cn.php
[ info ] [ DB ] INIT mysql
[ info ] [ RUN ] app\admin\controller\Login->index[ D:\phpStudy\PHPTutorial\WWW\xnb\application\admin\controller\Login.php ]
[ info ] [ VIEW ] D:\phpStudy\PHPTutorial\WWW\xnb/application/admin\view\login\index.html [ array (
) ]
[ info ] [ LOG ] INIT File
---------------------------------------------------------------
[ 2020-07-10T09:04:01+08:00 ] 127.0.0.1 GET xnb.com/index.php/captcha.html
[运行时间：0.184853s] [吞吐率：5.41req/s] [内存消耗：1,250.35kb] [文件加载：87]
[ info ] [ LANG ] D:\phpStudy\PHPTutorial\WWW\xnb\thinkphp\lang\zh-cn.php
[ info ] [ ROUTE ] array (
  'type' => 'method',
  'method' => 
  array (
    0 => '\\think\\captcha\\CaptchaController',
    1 => 'index',
  ),
  'var' => 
  array (
  ),
)
[ info ] [ HEADER ] array (
  'cookie' => 'pgv_pvi=9998901248; PHPSESSID=0fvq1gliifo859uhm19bieqs5c',
  'accept-language' => 'zh-CN,zh;q=0.9',
  'accept-encoding' => 'gzip, deflate',
  'referer' => 'http://xnb.com/index.php/admin/login/index.html',
  'accept' => 'image/webp,image/apng,image/*,*/*;q=0.8',
  'user-agent' => 'Mozilla/5.0 (Windows NT 10.0; Win64; x64) AppleWebKit/537.36 (KHTML, like Gecko) Chrome/83.0.4103.116 Safari/537.36',
  'connection' => 'close',
  'host' => 'xnb.com',
)
[ info ] [ PARAM ] array (
  'id' => NULL,
)
[ info ] [ RUN ] think\captcha\CaptchaController->index[ D:\phpStudy\PHPTutorial\WWW\xnb\vendor\topthink\think-captcha\src\CaptchaController.php ]
[ info ] [ SESSION ] INIT array (
  'id' => '',
  'var_session_id' => '',
  'prefix' => 'think',
  'type' => '',
  'auto_start' => true,
)
[ info ] [ LOG ] INIT File
---------------------------------------------------------------
[ 2020-07-10T09:04:01+08:00 ] 127.0.0.1 GET xnb.com/favicon.ico
[运行时间：0.101551s] [吞吐率：9.85req/s] [内存消耗：1,229.02kb] [文件加载：88]
[ info ] [ LANG ] D:\phpStudy\PHPTutorial\WWW\xnb\thinkphp\lang\zh-cn.php
[ info ] [ ROUTE ] array (
  'type' => 'module',
  'module' => 
  array (
    0 => 'favicon.ico',
    1 => NULL,
    2 => NULL,
  ),
)
[ info ] [ HEADER ] array (
  'cookie' => 'pgv_pvi=9998901248; PHPSESSID=0fvq1gliifo859uhm19bieqs5c',
  'accept-language' => 'zh-CN,zh;q=0.9',
  'accept-encoding' => 'gzip, deflate',
  'referer' => 'http://xnb.com/index.php/admin/login/index.html',
  'accept' => 'image/webp,image/apng,image/*,*/*;q=0.8',
  'user-agent' => 'Mozilla/5.0 (Windows NT 10.0; Win64; x64) AppleWebKit/537.36 (KHTML, like Gecko) Chrome/83.0.4103.116 Safari/537.36',
  'connection' => 'close',
  'host' => 'xnb.com',
)
[ info ] [ PARAM ] array (
)
[ info ] [ LOG ] INIT File
---------------------------------------------------------------
[ 2020-07-10T09:04:13+08:00 ] 127.0.0.1 POST xnb.com/index.php/admin/login/checklogin.html
[运行时间：0.172895s] [吞吐率：5.78req/s] [内存消耗：2,456.66kb] [文件加载：110]
[ info ] [ LANG ] D:\phpStudy\PHPTutorial\WWW\xnb\thinkphp\lang\zh-cn.php
[ info ] [ ROUTE ] array (
  'type' => 'module',
  'module' => 
  array (
    0 => 'admin',
    1 => 'login',
    2 => 'checklogin',
  ),
)
[ info ] [ HEADER ] array (
  'cookie' => 'pgv_pvi=9998901248; PHPSESSID=0fvq1gliifo859uhm19bieqs5c',
  'accept-language' => 'zh-CN,zh;q=0.9',
  'accept-encoding' => 'gzip, deflate',
  'referer' => 'http://xnb.com/index.php/admin/login/index.html',
  'origin' => 'http://xnb.com',
  'content-type' => 'application/x-www-form-urlencoded; charset=UTF-8',
  'user-agent' => 'Mozilla/5.0 (Windows NT 10.0; Win64; x64) AppleWebKit/537.36 (KHTML, like Gecko) Chrome/83.0.4103.116 Safari/537.36',
  'x-requested-with' => 'XMLHttpRequest',
  'accept' => '*/*',
  'content-length' => '40',
  'connection' => 'close',
  'host' => 'xnb.com',
)
[ info ] [ PARAM ] array (
  'username' => 'admin',
  'password' => '123456',
  'code' => '0887',
)
[ info ] [ LANG ] D:\phpStudy\PHPTutorial\WWW\xnb/application/admin\lang\zh-cn.php
[ info ] [ DB ] INIT mysql
[ info ] [ RUN ] app\admin\controller\Login->checkLogin[ D:\phpStudy\PHPTutorial\WWW\xnb\application\admin\controller\Login.php ]
[ info ] [ SESSION ] INIT array (
  'id' => '',
  'var_session_id' => '',
  'prefix' => 'think',
  'type' => '',
  'auto_start' => true,
)
[ info ] [ CACHE ] INIT File
[ info ] [ LOG ] INIT File
[ sql ] [ DB ] CONNECT:[ UseTime:0.011597s ] mysql:host=127.0.0.1;dbname=xnb;charset=utf8
[ sql ] [ SQL ] SHOW COLUMNS FROM `cms_admin` [ RunTime:0.023057s ]
[ sql ] [ SQL ] SELECT * FROM `cms_admin` WHERE  `username` = 'admin' LIMIT 1 [ RunTime:0.001935s ]
[ sql ] [ SQL ] UPDATE `cms_admin`  SET `last_time`=1594343053  WHERE  `id` = 1 [ RunTime:0.013880s ]
[ sql ] [ SQL ] SHOW COLUMNS FROM `cms_log` [ RunTime:0.021568s ]
[ sql ] [ SQL ] INSERT INTO `cms_log` (`admin_id` , `title` , `ip` , `time`) VALUES (1 , '管理员登录' , '127.0.0.1' , 1594343053) [ RunTime:0.014007s ]
---------------------------------------------------------------
[ 2020-07-10T09:04:15+08:00 ] 127.0.0.1 GET xnb.com/index.php/admin/index/index.html
[运行时间：0.226595s] [吞吐率：4.41req/s] [内存消耗：2,522.98kb] [文件加载：112]
[ info ] [ LANG ] D:\phpStudy\PHPTutorial\WWW\xnb\thinkphp\lang\zh-cn.php
[ info ] [ ROUTE ] array (
  'type' => 'module',
  'module' => 
  array (
    0 => 'admin',
    1 => 'index',
    2 => 'index',
  ),
)
[ info ] [ HEADER ] array (
  'cookie' => 'pgv_pvi=9998901248; PHPSESSID=0fvq1gliifo859uhm19bieqs5c',
  'accept-language' => 'zh-CN,zh;q=0.9',
  'accept-encoding' => 'gzip, deflate',
  'referer' => 'http://xnb.com/index.php/admin/login/index.html',
  'accept' => 'text/html,application/xhtml+xml,application/xml;q=0.9,image/webp,image/apng,*/*;q=0.8,application/signed-exchange;v=b3;q=0.9',
  'user-agent' => 'Mozilla/5.0 (Windows NT 10.0; Win64; x64) AppleWebKit/537.36 (KHTML, like Gecko) Chrome/83.0.4103.116 Safari/537.36',
  'upgrade-insecure-requests' => '1',
  'connection' => 'close',
  'host' => 'xnb.com',
)
[ info ] [ PARAM ] array (
)
[ info ] [ LANG ] D:\phpStudy\PHPTutorial\WWW\xnb/application/admin\lang\zh-cn.php
[ info ] [ SESSION ] INIT array (
  'id' => '',
  'var_session_id' => '',
  'prefix' => 'think',
  'type' => '',
  'auto_start' => true,
)
[ info ] [ DB ] INIT mysql
[ info ] [ RUN ] app\admin\controller\Index->index[ D:\phpStudy\PHPTutorial\WWW\xnb\application\admin\controller\Index.php ]
[ info ] [ VIEW ] D:\phpStudy\PHPTutorial\WWW\xnb/application/admin\view\index\index.html [ array (
  0 => 'menu',
  1 => 'adminInfo',
  2 => 'nav',
  3 => 'title',
) ]
[ info ] [ LOG ] INIT File
[ sql ] [ DB ] CONNECT:[ UseTime:0.002646s ] mysql:host=127.0.0.1;dbname=xnb;charset=utf8
[ sql ] [ SQL ] SHOW COLUMNS FROM `cms_admin` [ RunTime:0.027580s ]
[ sql ] [ SQL ] SELECT * FROM `cms_admin` WHERE  `id` = 1 LIMIT 1 [ RunTime:0.003127s ]
[ sql ] [ SQL ] SHOW COLUMNS FROM `cms_group` [ RunTime:0.029618s ]
[ sql ] [ SQL ] SELECT * FROM `cms_group` WHERE  `id` = 1 LIMIT 1 [ RunTime:0.003185s ]
[ sql ] [ SQL ] SHOW COLUMNS FROM `cms_rule` [ RunTime:0.025629s ]
[ sql ] [ SQL ] SELECT * FROM `cms_rule` WHERE  `id` IN (1,2,3,4,5,6,7,8,9,10)  AND `p_id` = 0  AND `status` = 1 ORDER BY `show_order` DESC [ RunTime:0.004612s ]
[ sql ] [ SQL ] SELECT * FROM `cms_rule` WHERE  `p_id` = 1  AND `status` = 1  AND `id` IN (1,2,3,4,5,6,7,8,9,10) ORDER BY `show_order` DESC [ RunTime:0.003101s ]
[ sql ] [ SQL ] SELECT * FROM `cms_rule` WHERE  `p_id` = 5  AND `status` = 1  AND `id` IN (1,2,3,4,5,6,7,8,9,10) ORDER BY `show_order` DESC [ RunTime:0.004665s ]
[ sql ] [ SQL ] SELECT * FROM `cms_rule` WHERE  `p_id` = 7  AND `status` = 1  AND `id` IN (1,2,3,4,5,6,7,8,9,10) ORDER BY `show_order` DESC [ RunTime:0.004053s ]
[ sql ] [ SQL ] SELECT * FROM `cms_rule` WHERE  `p_id` = 9  AND `status` = 1  AND `id` IN (1,2,3,4,5,6,7,8,9,10) ORDER BY `show_order` DESC [ RunTime:0.001715s ]
---------------------------------------------------------------
[ 2020-07-10T09:04:15+08:00 ] 127.0.0.1 GET xnb.com/index.php/admin/index/welcome.html
[运行时间：0.346720s] [吞吐率：2.88req/s] [内存消耗：2,438.83kb] [文件加载：111]
[ info ] [ LANG ] D:\phpStudy\PHPTutorial\WWW\xnb\thinkphp\lang\zh-cn.php
[ info ] [ ROUTE ] array (
  'type' => 'module',
  'module' => 
  array (
    0 => 'admin',
    1 => 'index',
    2 => 'welcome',
  ),
)
[ info ] [ HEADER ] array (
  'cookie' => 'pgv_pvi=9998901248; PHPSESSID=0fvq1gliifo859uhm19bieqs5c',
  'accept-language' => 'zh-CN,zh;q=0.9',
  'accept-encoding' => 'gzip, deflate',
  'referer' => 'http://xnb.com/index.php/admin/index/index.html',
  'accept' => 'text/html,application/xhtml+xml,application/xml;q=0.9,image/webp,image/apng,*/*;q=0.8,application/signed-exchange;v=b3;q=0.9',
  'user-agent' => 'Mozilla/5.0 (Windows NT 10.0; Win64; x64) AppleWebKit/537.36 (KHTML, like Gecko) Chrome/83.0.4103.116 Safari/537.36',
  'upgrade-insecure-requests' => '1',
  'connection' => 'close',
  'host' => 'xnb.com',
)
[ info ] [ PARAM ] array (
)
[ info ] [ LANG ] D:\phpStudy\PHPTutorial\WWW\xnb/application/admin\lang\zh-cn.php
[ info ] [ SESSION ] INIT array (
  'id' => '',
  'var_session_id' => '',
  'prefix' => 'think',
  'type' => '',
  'auto_start' => true,
)
[ info ] [ DB ] INIT mysql
[ info ] [ RUN ] app\admin\controller\Index->welcome[ D:\phpStudy\PHPTutorial\WWW\xnb\application\admin\controller\Index.php ]
[ info ] [ VIEW ] D:\phpStudy\PHPTutorial\WWW\xnb/application/admin\view\index\welcome.html [ array (
  0 => 'config',
  1 => 'userCount',
  2 => 'adminInfo',
) ]
[ info ] [ LOG ] INIT File
[ sql ] [ DB ] CONNECT:[ UseTime:0.002530s ] mysql:host=127.0.0.1;dbname=xnb;charset=utf8
[ sql ] [ SQL ] SHOW COLUMNS FROM `cms_admin` [ RunTime:0.024430s ]
[ sql ] [ SQL ] SELECT * FROM `cms_admin` WHERE  `id` = 1 LIMIT 1 [ RunTime:0.004479s ]
[ sql ] [ SQL ] SHOW COLUMNS FROM `cms_user` [ RunTime:0.025428s ]
[ sql ] [ SQL ] SELECT COUNT(*) AS tp_count FROM `cms_user` LIMIT 1 [ RunTime:0.001771s ]
---------------------------------------------------------------
[ 2020-07-10T11:35:47+08:00 ] 127.0.0.1 GET xnb.com/index.php/admin/index/index.html
[运行时间：1.674964s] [吞吐率：0.60req/s] [内存消耗：2,523.46kb] [文件加载：112]
[ info ] [ LANG ] D:\phpStudy\PHPTutorial\WWW\xnb\thinkphp\lang\zh-cn.php
[ info ] [ ROUTE ] array (
  'type' => 'module',
  'module' => 
  array (
    0 => 'admin',
    1 => 'index',
    2 => 'index',
  ),
)
[ info ] [ HEADER ] array (
  'cookie' => 'pgv_pvi=9998901248; PHPSESSID=0fvq1gliifo859uhm19bieqs5c',
  'accept-language' => 'zh-CN,zh;q=0.9',
  'accept-encoding' => 'gzip, deflate',
  'referer' => 'http://xnb.com/index.php/admin/login/index.html',
  'accept' => 'text/html,application/xhtml+xml,application/xml;q=0.9,image/webp,image/apng,*/*;q=0.8,application/signed-exchange;v=b3;q=0.9',
  'user-agent' => 'Mozilla/5.0 (Windows NT 10.0; Win64; x64) AppleWebKit/537.36 (KHTML, like Gecko) Chrome/83.0.4103.116 Safari/537.36',
  'upgrade-insecure-requests' => '1',
  'cache-control' => 'max-age=0',
  'connection' => 'close',
  'host' => 'xnb.com',
)
[ info ] [ PARAM ] array (
)
[ info ] [ LANG ] D:\phpStudy\PHPTutorial\WWW\xnb/application/admin\lang\zh-cn.php
[ info ] [ SESSION ] INIT array (
  'id' => '',
  'var_session_id' => '',
  'prefix' => 'think',
  'type' => '',
  'auto_start' => true,
)
[ info ] [ DB ] INIT mysql
[ info ] [ RUN ] app\admin\controller\Index->index[ D:\phpStudy\PHPTutorial\WWW\xnb\application\admin\controller\Index.php ]
[ info ] [ VIEW ] D:\phpStudy\PHPTutorial\WWW\xnb/application/admin\view\index\index.html [ array (
  0 => 'menu',
  1 => 'adminInfo',
  2 => 'nav',
  3 => 'title',
) ]
[ info ] [ LOG ] INIT File
[ sql ] [ DB ] CONNECT:[ UseTime:1.083546s ] mysql:host=39.106.10.244;dbname=xnb;charset=utf8
[ sql ] [ SQL ] SHOW COLUMNS FROM `cms_admin` [ RunTime:0.045887s ]
[ sql ] [ SQL ] SELECT * FROM `cms_admin` WHERE  `id` = 1 LIMIT 1 [ RunTime:0.045134s ]
[ sql ] [ SQL ] SHOW COLUMNS FROM `cms_group` [ RunTime:0.045066s ]
[ sql ] [ SQL ] SELECT * FROM `cms_group` WHERE  `id` = 1 LIMIT 1 [ RunTime:0.045509s ]
[ sql ] [ SQL ] SHOW COLUMNS FROM `cms_rule` [ RunTime:0.044129s ]
[ sql ] [ SQL ] SELECT * FROM `cms_rule` WHERE  `id` IN (1,2,3,4,5,6,7,8,9,10)  AND `p_id` = 0  AND `status` = 1 ORDER BY `show_order` DESC [ RunTime:0.045160s ]
[ sql ] [ SQL ] SELECT * FROM `cms_rule` WHERE  `p_id` = 1  AND `status` = 1  AND `id` IN (1,2,3,4,5,6,7,8,9,10) ORDER BY `show_order` DESC [ RunTime:0.044694s ]
[ sql ] [ SQL ] SELECT * FROM `cms_rule` WHERE  `p_id` = 5  AND `status` = 1  AND `id` IN (1,2,3,4,5,6,7,8,9,10) ORDER BY `show_order` DESC [ RunTime:0.044877s ]
[ sql ] [ SQL ] SELECT * FROM `cms_rule` WHERE  `p_id` = 7  AND `status` = 1  AND `id` IN (1,2,3,4,5,6,7,8,9,10) ORDER BY `show_order` DESC [ RunTime:0.044105s ]
[ sql ] [ SQL ] SELECT * FROM `cms_rule` WHERE  `p_id` = 9  AND `status` = 1  AND `id` IN (1,2,3,4,5,6,7,8,9,10) ORDER BY `show_order` DESC [ RunTime:0.044251s ]
---------------------------------------------------------------
[ 2020-07-10T11:35:48+08:00 ] 127.0.0.1 GET xnb.com/admin/Admin/index
[运行时间：0.396947s] [吞吐率：2.52req/s] [内存消耗：2,690.80kb] [文件加载：117]
[ info ] [ LANG ] D:\phpStudy\PHPTutorial\WWW\xnb\thinkphp\lang\zh-cn.php
[ info ] [ ROUTE ] array (
  'type' => 'module',
  'module' => 
  array (
    0 => 'admin',
    1 => 'Admin',
    2 => 'index',
  ),
)
[ info ] [ HEADER ] array (
  'cookie' => 'pgv_pvi=9998901248; PHPSESSID=0fvq1gliifo859uhm19bieqs5c',
  'accept-language' => 'zh-CN,zh;q=0.9',
  'accept-encoding' => 'gzip, deflate',
  'referer' => 'http://xnb.com/index.php/admin/index/index.html',
  'accept' => 'text/html,application/xhtml+xml,application/xml;q=0.9,image/webp,image/apng,*/*;q=0.8,application/signed-exchange;v=b3;q=0.9',
  'user-agent' => 'Mozilla/5.0 (Windows NT 10.0; Win64; x64) AppleWebKit/537.36 (KHTML, like Gecko) Chrome/83.0.4103.116 Safari/537.36',
  'upgrade-insecure-requests' => '1',
  'connection' => 'close',
  'host' => 'xnb.com',
)
[ info ] [ PARAM ] array (
)
[ info ] [ LANG ] D:\phpStudy\PHPTutorial\WWW\xnb/application/admin\lang\zh-cn.php
[ info ] [ SESSION ] INIT array (
  'id' => '',
  'var_session_id' => '',
  'prefix' => 'think',
  'type' => '',
  'auto_start' => true,
)
[ info ] [ DB ] INIT mysql
[ info ] [ RUN ] app\admin\controller\Admin->index[ D:\phpStudy\PHPTutorial\WWW\xnb\application\admin\controller\Admin.php ]
[ info ] [ VIEW ] D:\phpStudy\PHPTutorial\WWW\xnb/application/admin\view\admin\index.html [ array (
  0 => 'list',
  1 => 'page',
  2 => 'nav',
  3 => 'title',
) ]
[ info ] [ LOG ] INIT File
[ sql ] [ DB ] CONNECT:[ UseTime:0.058451s ] mysql:host=39.106.10.244;dbname=xnb;charset=utf8
[ sql ] [ SQL ] SHOW COLUMNS FROM `cms_admin` [ RunTime:0.039700s ]
[ sql ] [ SQL ] SELECT COUNT(*) AS tp_count FROM `cms_admin` `a` LEFT JOIN `cms_group` `b` ON `b`.`id`=`a`.`group_id` LEFT JOIN `cms_admin` `c` ON `a`.`pid`=`c`.`id` LEFT JOIN `cms_regions` `d` ON `a`.`province`=`d`.`code` LEFT JOIN `cms_regions` `e` ON `a`.`city`=`e`.`code` LEFT JOIN `cms_regions` `f` ON `a`.`area`=`f`.`code` LIMIT 1 [ RunTime:0.042527s ]
[ sql ] [ SQL ] SELECT `a`.*,`b`.`title`,c.username as pname,d.name as pro_name,e.name as city_name,f.name as area_name FROM `cms_admin` `a` LEFT JOIN `cms_group` `b` ON `b`.`id`=`a`.`group_id` LEFT JOIN `cms_admin` `c` ON `a`.`pid`=`c`.`id` LEFT JOIN `cms_regions` `d` ON `a`.`province`=`d`.`code` LEFT JOIN `cms_regions` `e` ON `a`.`city`=`e`.`code` LEFT JOIN `cms_regions` `f` ON `a`.`area`=`f`.`code` LIMIT 0,10 [ RunTime:0.042962s ]
---------------------------------------------------------------
[ 2020-07-10T11:35:49+08:00 ] 127.0.0.1 GET xnb.com/index.php/admin/index/welcome.html
[运行时间：0.382146s] [吞吐率：2.62req/s] [内存消耗：2,438.85kb] [文件加载：111]
[ info ] [ LANG ] D:\phpStudy\PHPTutorial\WWW\xnb\thinkphp\lang\zh-cn.php
[ info ] [ ROUTE ] array (
  'type' => 'module',
  'module' => 
  array (
    0 => 'admin',
    1 => 'index',
    2 => 'welcome',
  ),
)
[ info ] [ HEADER ] array (
  'cookie' => 'pgv_pvi=9998901248; PHPSESSID=0fvq1gliifo859uhm19bieqs5c',
  'accept-language' => 'zh-CN,zh;q=0.9',
  'accept-encoding' => 'gzip, deflate',
  'referer' => 'http://xnb.com/index.php/admin/index/index.html',
  'accept' => 'text/html,application/xhtml+xml,application/xml;q=0.9,image/webp,image/apng,*/*;q=0.8,application/signed-exchange;v=b3;q=0.9',
  'user-agent' => 'Mozilla/5.0 (Windows NT 10.0; Win64; x64) AppleWebKit/537.36 (KHTML, like Gecko) Chrome/83.0.4103.116 Safari/537.36',
  'upgrade-insecure-requests' => '1',
  'connection' => 'close',
  'host' => 'xnb.com',
)
[ info ] [ PARAM ] array (
)
[ info ] [ LANG ] D:\phpStudy\PHPTutorial\WWW\xnb/application/admin\lang\zh-cn.php
[ info ] [ SESSION ] INIT array (
  'id' => '',
  'var_session_id' => '',
  'prefix' => 'think',
  'type' => '',
  'auto_start' => true,
)
[ info ] [ DB ] INIT mysql
[ info ] [ RUN ] app\admin\controller\Index->welcome[ D:\phpStudy\PHPTutorial\WWW\xnb\application\admin\controller\Index.php ]
[ info ] [ VIEW ] D:\phpStudy\PHPTutorial\WWW\xnb/application/admin\view\index\welcome.html [ array (
  0 => 'config',
  1 => 'userCount',
  2 => 'adminInfo',
) ]
[ info ] [ LOG ] INIT File
[ sql ] [ DB ] CONNECT:[ UseTime:0.060137s ] mysql:host=39.106.10.244;dbname=xnb;charset=utf8
[ sql ] [ SQL ] SHOW COLUMNS FROM `cms_admin` [ RunTime:0.040316s ]
[ sql ] [ SQL ] SELECT * FROM `cms_admin` WHERE  `id` = 1 LIMIT 1 [ RunTime:0.040705s ]
[ sql ] [ SQL ] SHOW COLUMNS FROM `cms_user` [ RunTime:0.041911s ]
[ sql ] [ SQL ] SELECT COUNT(*) AS tp_count FROM `cms_user` LIMIT 1 [ RunTime:0.042112s ]
---------------------------------------------------------------
[ 2020-07-10T11:35:51+08:00 ] 127.0.0.1 GET xnb.com/admin/Admin/index
[运行时间：0.284153s] [吞吐率：3.52req/s] [内存消耗：2,559.42kb] [文件加载：115]
[ info ] [ LANG ] D:\phpStudy\PHPTutorial\WWW\xnb\thinkphp\lang\zh-cn.php
[ info ] [ ROUTE ] array (
  'type' => 'module',
  'module' => 
  array (
    0 => 'admin',
    1 => 'Admin',
    2 => 'index',
  ),
)
[ info ] [ HEADER ] array (
  'cookie' => 'pgv_pvi=9998901248; PHPSESSID=0fvq1gliifo859uhm19bieqs5c',
  'accept-language' => 'zh-CN,zh;q=0.9',
  'accept-encoding' => 'gzip, deflate',
  'referer' => 'http://xnb.com/index.php/admin/index/index.html',
  'accept' => 'text/html,application/xhtml+xml,application/xml;q=0.9,image/webp,image/apng,*/*;q=0.8,application/signed-exchange;v=b3;q=0.9',
  'user-agent' => 'Mozilla/5.0 (Windows NT 10.0; Win64; x64) AppleWebKit/537.36 (KHTML, like Gecko) Chrome/83.0.4103.116 Safari/537.36',
  'upgrade-insecure-requests' => '1',
  'connection' => 'close',
  'host' => 'xnb.com',
)
[ info ] [ PARAM ] array (
)
[ info ] [ LANG ] D:\phpStudy\PHPTutorial\WWW\xnb/application/admin\lang\zh-cn.php
[ info ] [ SESSION ] INIT array (
  'id' => '',
  'var_session_id' => '',
  'prefix' => 'think',
  'type' => '',
  'auto_start' => true,
)
[ info ] [ DB ] INIT mysql
[ info ] [ RUN ] app\admin\controller\Admin->index[ D:\phpStudy\PHPTutorial\WWW\xnb\application\admin\controller\Admin.php ]
[ info ] [ VIEW ] D:\phpStudy\PHPTutorial\WWW\xnb/application/admin\view\admin\index.html [ array (
  0 => 'list',
  1 => 'page',
  2 => 'nav',
  3 => 'title',
) ]
[ info ] [ LOG ] INIT File
[ sql ] [ DB ] CONNECT:[ UseTime:0.059782s ] mysql:host=39.106.10.244;dbname=xnb;charset=utf8
[ sql ] [ SQL ] SHOW COLUMNS FROM `cms_admin` [ RunTime:0.040681s ]
[ sql ] [ SQL ] SELECT COUNT(*) AS tp_count FROM `cms_admin` `a` LEFT JOIN `cms_group` `b` ON `b`.`id`=`a`.`group_id` LEFT JOIN `cms_admin` `c` ON `a`.`pid`=`c`.`id` LEFT JOIN `cms_regions` `d` ON `a`.`province`=`d`.`code` LEFT JOIN `cms_regions` `e` ON `a`.`city`=`e`.`code` LEFT JOIN `cms_regions` `f` ON `a`.`area`=`f`.`code` LIMIT 1 [ RunTime:0.040673s ]
[ sql ] [ SQL ] SELECT `a`.*,`b`.`title`,c.username as pname,d.name as pro_name,e.name as city_name,f.name as area_name FROM `cms_admin` `a` LEFT JOIN `cms_group` `b` ON `b`.`id`=`a`.`group_id` LEFT JOIN `cms_admin` `c` ON `a`.`pid`=`c`.`id` LEFT JOIN `cms_regions` `d` ON `a`.`province`=`d`.`code` LEFT JOIN `cms_regions` `e` ON `a`.`city`=`e`.`code` LEFT JOIN `cms_regions` `f` ON `a`.`area`=`f`.`code` LIMIT 0,10 [ RunTime:0.040633s ]
